<?xml version="1.0" encoding="UTF-8"?>
<!-- Generated by org.testng.reporters.JUnitReportReporter -->
<testsuite skipped="0" hostname="LAPTOP-EBN1BIJR" name="com.facebook.demo.ScreenShotExample" tests="1" failures="0" timestamp="28 Apr 2018 01:57:46 GMT" time="13.979" errors="0">
  <testcase name="takeScreenShot" time="13.979" classname="com.facebook.demo.ScreenShotExample"/>
</testsuite> <!-- com.facebook.demo.ScreenShotExample -->
