<?xml version="1.0" encoding="UTF-8"?>
<!-- Generated by org.testng.reporters.JUnitReportReporter -->
<testsuite skipped="0" hostname="LAPTOP-EBN1BIJR" name="SampleExercise" tests="1" failures="0" timestamp="26 Apr 2018 00:21:45 GMT" time="17.286" errors="0">
  <testcase name="dateSelect" time="17.286" classname="SampleExercise"/>
</testsuite> <!-- SampleExercise -->
