<?xml version="1.0" encoding="UTF-8"?>
<!-- Generated by org.testng.reporters.JUnitReportReporter -->
<testsuite skipped="0" hostname="LAPTOP-EBN1BIJR" name="girmiti.seleniummavenproject.SampleTestNG" tests="2" failures="0" timestamp="06 Apr 2018 04:16:58 GMT" time="0.006" errors="0">
  <testcase name="add" time="0.000" classname="girmiti.seleniummavenproject.SampleTestNG"/>
  <testcase name="sub" time="0.006" classname="girmiti.seleniummavenproject.SampleTestNG"/>
</testsuite> <!-- girmiti.seleniummavenproject.SampleTestNG -->
