<?xml version="1.0" encoding="UTF-8"?>
<!-- Generated by org.testng.reporters.JUnitReportReporter -->
<testsuite skipped="0" hostname="LAPTOP-EBN1BIJR" name="girmiti.seleniummavenproject.VerifyTitle" tests="2" failures="0" timestamp="11 Apr 2018 00:52:42 GMT" time="14.047" errors="0">
  <testcase name="logoTest" time="7.575" classname="girmiti.seleniummavenproject.VerifyTitle"/>
  <testcase name="login" time="6.472" classname="girmiti.seleniummavenproject.VerifyTitle"/>
</testsuite> <!-- girmiti.seleniummavenproject.VerifyTitle -->
