<?xml version="1.0" encoding="UTF-8"?>
<!-- Generated by org.testng.reporters.JUnitReportReporter -->
<testsuite skipped="0" hostname="LAPTOP-EBN1BIJR" name="DataDrivenTestingExample" tests="1" failures="0" timestamp="14 Apr 2018 14:23:47 GMT" time="10.293" errors="0">
  <testcase name="loginToApplication" time="10.293" classname="DataDrivenTestingExample"/>
</testsuite> <!-- DataDrivenTestingExample -->
