<?xml version="1.0" encoding="UTF-8"?>
<!-- Generated by org.testng.reporters.JUnitReportReporter -->
<testsuite skipped="0" hostname="LAPTOP-EBN1BIJR" name="girmiti.seleniummavenproject.OpenBrowser" tests="1" failures="0" timestamp="06 Apr 2018 05:46:13 GMT" time="4.346" errors="0">
  <testcase name="getTitle" time="4.346" classname="girmiti.seleniummavenproject.OpenBrowser"/>
</testsuite> <!-- girmiti.seleniummavenproject.OpenBrowser -->
