<?xml version="1.0" encoding="UTF-8"?>
<!-- Generated by org.testng.reporters.JUnitReportReporter -->
<testsuite skipped="0" hostname="LAPTOP-EBN1BIJR" name="girmiti.seleniummavenproject.WriteToExcel" tests="1" failures="0" timestamp="16 Apr 2018 10:56:07 GMT" time="0.362" errors="0">
  <testcase name="writeToExcel" time="0.362" classname="girmiti.seleniummavenproject.WriteToExcel"/>
</testsuite> <!-- girmiti.seleniummavenproject.WriteToExcel -->
