<?xml version="1.0" encoding="UTF-8"?>
<!-- Generated by org.testng.reporters.JUnitReportReporter -->
<testsuite skipped="0" hostname="LAPTOP-EBN1BIJR" name="com.newtours.testcase.VerifyLogin1" tests="1" failures="0" timestamp="17 Apr 2018 06:50:10 GMT" time="43.410" errors="0">
  <testcase name="verifyLoginPage" time="43.410" classname="com.newtours.testcase.VerifyLogin1"/>
</testsuite> <!-- com.newtours.testcase.VerifyLogin1 -->
