<?xml version="1.0" encoding="UTF-8"?>
<!-- Generated by org.testng.reporters.JUnitReportReporter -->
<testsuite skipped="0" hostname="LAPTOP-EBN1BIJR" name="girmiti.seleniummavenproject.HandleAlerts" tests="1" failures="0" timestamp="06 Apr 2018 12:03:00 GMT" time="9.815" errors="0">
  <testcase name="handleAlert" time="9.815" classname="girmiti.seleniummavenproject.HandleAlerts"/>
</testsuite> <!-- girmiti.seleniummavenproject.HandleAlerts -->
