<?xml version="1.0" encoding="UTF-8"?>
<!-- Generated by org.testng.reporters.JUnitReportReporter -->
<testsuite skipped="0" hostname="LAPTOP-EBN1BIJR" name="girmiti.seleniummavenproject.SelectDropdownElements" tests="1" failures="0" timestamp="28 Apr 2018 11:06:44 GMT" time="9.702" errors="0">
  <testcase name="dropDownSelect" time="9.702" classname="girmiti.seleniummavenproject.SelectDropdownElements"/>
</testsuite> <!-- girmiti.seleniummavenproject.SelectDropdownElements -->
