<?xml version="1.0" encoding="UTF-8"?>
<!-- Generated by org.testng.reporters.JUnitReportReporter -->
<testsuite skipped="0" hostname="LAPTOP-EBN1BIJR" name="ReadExcel" tests="1" failures="0" timestamp="16 Apr 2018 10:36:35 GMT" time="0.284" errors="0">
  <testcase name="readExcel" time="0.284" classname="ReadExcel"/>
</testsuite> <!-- ReadExcel -->
