<?xml version="1.0" encoding="UTF-8"?>
<!-- Generated by org.testng.reporters.JUnitReportReporter -->
<testsuite skipped="0" hostname="LAPTOP-EBN1BIJR" name="girmiti.seleniummavenproject.ExplicitWaitExample" tests="1" failures="0" timestamp="23 Apr 2018 11:13:24 GMT" time="17.738" errors="0">
  <testcase name="explicitWaitExample" time="17.738" classname="girmiti.seleniummavenproject.ExplicitWaitExample"/>
</testsuite> <!-- girmiti.seleniummavenproject.ExplicitWaitExample -->
