<?xml version="1.0" encoding="UTF-8"?>
<!-- Generated by org.testng.reporters.JUnitReportReporter -->
<testsuite skipped="0" hostname="LAPTOP-EBN1BIJR" name="girmiti.seleniummavenproject.HandleWindowsAuthentication" tests="1" failures="0" timestamp="26 Apr 2018 07:32:37 GMT" time="5.484" errors="0">
  <testcase name="handleWindowsAuthentication" time="5.484" classname="girmiti.seleniummavenproject.HandleWindowsAuthentication"/>
</testsuite> <!-- girmiti.seleniummavenproject.HandleWindowsAuthentication -->
