<?xml version="1.0" encoding="UTF-8"?>
<!-- Generated by org.testng.reporters.JUnitReportReporter -->
<testsuite skipped="1" hostname="LAPTOP-EBN1BIJR" name="SampleTestNG1" tests="5" failures="0" timestamp="03 Apr 2018 14:12:31 GMT" time="0.026" errors="0">
  <testcase name="sub" time="0.019" classname="SampleTestNG1"/>
  <testcase name="login" time="0.002" classname="SampleTestNG1"/>
  <testcase name="giveInput" time="0.002" classname="SampleTestNG1"/>
  <testcase name="exit" time="0.003" classname="SampleTestNG1"/>
  <testcase name="test" classname="SampleTestNG1">
    <skipped/>
  </testcase> <!-- test -->
</testsuite> <!-- SampleTestNG1 -->
