<?xml version="1.0" encoding="UTF-8"?>
<!-- Generated by org.testng.reporters.JUnitReportReporter -->
<testsuite skipped="0" hostname="LAPTOP-EBN1BIJR" name="girmiti.seleniummavenproject.MouseMovement" tests="1" failures="0" timestamp="27 Apr 2018 01:17:40 GMT" time="26.499" errors="0">
  <testcase name="mouseMovement" time="26.499" classname="girmiti.seleniummavenproject.MouseMovement"/>
</testsuite> <!-- girmiti.seleniummavenproject.MouseMovement -->
