<?xml version="1.0" encoding="UTF-8"?>
<!-- Generated by org.testng.reporters.JUnitReportReporter -->
<testsuite skipped="0" hostname="LAPTOP-EBN1BIJR" name="girmiti.seleniummavenproject.AllLinks" tests="1" failures="0" timestamp="26 Apr 2018 00:46:12 GMT" time="12.562" errors="0">
  <testcase name="allLinks" time="12.562" classname="girmiti.seleniummavenproject.AllLinks"/>
</testsuite> <!-- girmiti.seleniummavenproject.AllLinks -->
