<?xml version="1.0" encoding="UTF-8"?>
<!-- Generated by org.testng.reporters.JUnitReportReporter -->
<testsuite skipped="0" hostname="LAPTOP-EBN1BIJR" name="com.newtours.testcase.VerifyLogin" tests="1" failures="0" timestamp="16 Apr 2018 12:01:01 GMT" time="11.435" errors="0">
  <testcase name="verifyLoginPage" time="11.435" classname="com.newtours.testcase.VerifyLogin"/>
</testsuite> <!-- com.newtours.testcase.VerifyLogin -->
