<?xml version="1.0" encoding="UTF-8"?>
<!-- Generated by org.testng.reporters.JUnitReportReporter -->
<testsuite skipped="0" hostname="LAPTOP-EBN1BIJR" name="girmiti.seleniummavenproject.FluentWaitExample" tests="1" failures="0" timestamp="23 Apr 2018 12:03:13 GMT" time="12.506" errors="0">
  <testcase name="fluentWaitExample" time="12.506" classname="girmiti.seleniummavenproject.FluentWaitExample"/>
</testsuite> <!-- girmiti.seleniummavenproject.FluentWaitExample -->
