<?xml version="1.0" encoding="UTF-8"?>
<!-- Generated by org.testng.reporters.JUnitReportReporter -->
<testsuite skipped="0" hostname="LAPTOP-EBN1BIJR" name="girmiti.seleniummavenproject.ReadExcelData1" tests="1" failures="0" timestamp="15 Apr 2018 14:42:08 GMT" time="0.289" errors="0">
  <testcase name="readExcel" time="0.289" classname="girmiti.seleniummavenproject.ReadExcelData1"/>
</testsuite> <!-- girmiti.seleniummavenproject.ReadExcelData1 -->
