<?xml version="1.0" encoding="UTF-8"?>
<!-- Generated by org.testng.reporters.JUnitReportReporter -->
<testsuite skipped="0" hostname="LAPTOP-EBN1BIJR" name="girmiti.seleniummavenproject.DragAndDropExample" tests="1" failures="0" timestamp="27 Apr 2018 01:43:13 GMT" time="10.707" errors="0">
  <testcase name="dragAndDrop" time="10.707" classname="girmiti.seleniummavenproject.DragAndDropExample"/>
</testsuite> <!-- girmiti.seleniummavenproject.DragAndDropExample -->
