<?xml version="1.0" encoding="UTF-8"?>
<!-- Generated by org.testng.reporters.JUnitReportReporter -->
<testsuite skipped="0" hostname="LAPTOP-EBN1BIJR" name="girmiti.seleniummavenproject.WindowsPopup" tests="1" failures="0" timestamp="06 Apr 2018 13:39:16 GMT" time="93.599" errors="0">
  <testcase name="windowsPopup" time="93.599" classname="girmiti.seleniummavenproject.WindowsPopup"/>
</testsuite> <!-- girmiti.seleniummavenproject.WindowsPopup -->
