<?xml version="1.0" encoding="UTF-8"?>
<!-- Generated by org.testng.reporters.JUnitReportReporter -->
<testsuite skipped="0" hostname="LAPTOP-EBN1BIJR" name="girmiti.seleniummavenproject.ReadExcelData" tests="1" failures="0" timestamp="15 Apr 2018 14:21:52 GMT" time="0.285" errors="0">
  <testcase name="readDataFromExcel" time="0.285" classname="girmiti.seleniummavenproject.ReadExcelData"/>
</testsuite> <!-- girmiti.seleniummavenproject.ReadExcelData -->
